<?xml version="1.0" encoding="UTF-8"?>
<!-- Generated by org.testng.reporters.JUnitXMLReporter -->
<testsuite hostname="DESKTOP-M2JJACB" ignored="5" name="Default test(failed)" tests="2" failures="2" timestamp="21 Feb 2022 14:44:37 GMT" time="0.155" errors="0">
  <testcase name="tc" time="0.029" classname="com.dayseventh.Sample">
    <failure type="java.lang.AssertionError" message="expected [true] but found [false]">
      <![CDATA[java.lang.AssertionError: expected [true] but found [false]
at com.dayseventh.Sample.tc(Sample.java:27)
... Removed 29 stack frames]]>
    </failure>
  </testcase> <!-- tc -->
  <testcase name="tc7" time="0.009" classname="com.dayseventh.Sample">
    <failure type="java.lang.AssertionError" message="expected [true] but found [false]">
      <![CDATA[java.lang.AssertionError: expected [true] but found [false]
at com.dayseventh.Sample.tc7(Sample.java:15)
... Removed 29 stack frames]]>
    </failure>
  </testcase> <!-- tc7 -->
  <testcase name="tc5" time="0.0" classname="com.dayseventh.Sample">
    <ignored/>
  </testcase> <!-- tc5 -->
  <testcase name="tc3" time="0.0" classname="com.dayseventh.Sample">
    <ignored/>
  </testcase> <!-- tc3 -->
  <testcase name="tc1" time="0.0" classname="com.dayseventh.Sample">
    <ignored/>
  </testcase> <!-- tc1 -->
  <testcase name="tc4" time="0.0" classname="com.dayseventh.Sample">
    <ignored/>
  </testcase> <!-- tc4 -->
  <testcase name="tc2" time="0.0" classname="com.dayseventh.Sample">
    <ignored/>
  </testcase> <!-- tc2 -->
</testsuite> <!-- Default test(failed) -->
